2026-03-11 05:05:23,422 - simulator_service - INFO - Simulator service starting, CARLA target: localhost:2000
2026-03-11 05:05:23,422 - simulator_service - INFO - Connecting to CARLA at localhost:2000
2026-03-11 05:05:43,472 - simulator_service - WARNING - Initial CARLA connection failed (will retry on first request): time-out of 20000ms while waiting for the simulator, make sure the simulator is ready and connected to localhost:2000
2026-03-11 05:06:41,584 - simulator_service - INFO - Connecting to CARLA at localhost:2000
2026-03-11 05:06:41,593 - simulator_service - INFO - Connected to CARLA server v0.9.16
2026-03-11 05:06:42,203 - simulator_service - INFO - Loading map Town01 (current: Town10HD_Opt)
2026-03-11 05:06:50,957 - simulator_service - INFO - Map Town01 loaded successfully
2026-03-11 05:06:50,982 - simulator_service - INFO - Cleanup complete: 0 vehicles, 0 pedestrians, 0 sensors, 0 controllers
2026-03-11 05:06:50,983 - simulator_service - INFO - Weather set to ClearNoon
2026-03-11 05:06:51,377 - simulator_service - ERROR - Failed to apply config: 'World' object has no attribute 'apply_batch_sync'
2026-03-11 05:14:59,458 - simulator_service - INFO - Simulator service shutting down
2026-03-11 05:14:59,460 - simulator_service - INFO - Disconnected from CARLA
2026-03-11 05:15:01,207 - simulator_service - INFO - Simulator service starting, CARLA target: localhost:2000
2026-03-11 05:15:01,207 - simulator_service - INFO - Connecting to CARLA at localhost:2000
2026-03-11 05:15:01,212 - simulator_service - INFO - Connected to CARLA server v0.9.16
2026-03-11 05:16:54,306 - simulator_service - INFO - Loading map Town06 (current: Town01)
2026-03-11 05:16:54,486 - simulator_service - ERROR - Failed to apply config: Map 'Town06' not found
2026-03-11 05:21:38,230 - simulator_service - INFO - Simulator service shutting down
2026-03-11 05:21:38,241 - simulator_service - INFO - Disconnected from CARLA
2026-03-11 05:39:13,210 - simulator_service - INFO - Simulator service starting, CARLA target: localhost:2000
2026-03-11 05:39:13,210 - simulator_service - INFO - Connecting to CARLA at localhost:2000
2026-03-11 05:39:33,215 - simulator_service - WARNING - Initial CARLA connection failed (will retry on first request): time-out of 20000ms while waiting for the simulator, make sure the simulator is ready and connected to localhost:2000
2026-03-11 05:41:21,192 - simulator_service - INFO - Connecting to CARLA at localhost:2000
2026-03-11 05:41:41,200 - simulator_service - ERROR - Failed to apply config: time-out of 20000ms while waiting for the simulator, make sure the simulator is ready and connected to localhost:2000
2026-03-11 05:50:27,672 - simulator_service - INFO - Simulator service shutting down
2026-03-11 05:50:27,673 - simulator_service - INFO - Disconnected from CARLA
2026-03-11 05:50:33,353 - simulator_service - INFO - Simulator service starting, CARLA target: localhost:2000
2026-03-11 05:50:33,353 - simulator_service - INFO - Connecting to CARLA at localhost:2000
2026-03-11 05:50:53,360 - simulator_service - WARNING - Initial CARLA connection failed (will retry on first request): time-out of 20000ms while waiting for the simulator, make sure the simulator is ready and connected to localhost:2000
2026-03-11 05:56:31,213 - simulator_service - INFO - Connecting to CARLA at localhost:2000
2026-03-11 05:56:51,219 - simulator_service - ERROR - Failed to apply config: time-out of 20000ms while waiting for the simulator, make sure the simulator is ready and connected to localhost:2000
2026-03-11 05:58:43,872 - simulator_service - INFO - Connecting to CARLA at localhost:2000
2026-03-11 05:59:03,879 - simulator_service - ERROR - Failed to apply config: time-out of 20000ms while waiting for the simulator, make sure the simulator is ready and connected to localhost:2000
2026-03-11 05:59:29,684 - simulator_service - INFO - Simulator service shutting down
2026-03-11 05:59:29,685 - simulator_service - INFO - Disconnected from CARLA
2026-03-11 05:59:47,962 - simulator_service - INFO - Simulator service starting, CARLA target: localhost:2000
2026-03-11 05:59:47,962 - simulator_service - INFO - Connecting to CARLA at localhost:2000
2026-03-11 06:00:07,967 - simulator_service - WARNING - Initial CARLA connection failed (will retry on first request): time-out of 20000ms while waiting for the simulator, make sure the simulator is ready and connected to localhost:2000
2026-03-11 06:02:38,448 - simulator_service - INFO - Simulator service shutting down
2026-03-11 06:02:38,449 - simulator_service - INFO - Disconnected from CARLA
2026-03-11 06:15:18,603 - simulator_service - INFO - Simulator service starting, CARLA target: localhost:2000
2026-03-11 06:15:18,603 - simulator_service - INFO - Connecting to CARLA at localhost:2000
2026-03-11 06:15:38,609 - simulator_service - WARNING - Initial CARLA connection failed (will retry on first request): time-out of 20000ms while waiting for the simulator, make sure the simulator is ready and connected to localhost:2000
2026-03-11 16:43:19,229 - simulator_service - INFO - Simulator service shutting down
2026-03-11 16:43:19,230 - simulator_service - INFO - Disconnected from CARLA
2026-03-11 16:43:28,099 - simulator_service - INFO - Simulator service starting, CARLA target: localhost:2000
2026-03-11 16:43:28,099 - simulator_service - INFO - Connecting to CARLA at localhost:2000
2026-03-11 16:43:48,104 - simulator_service - WARNING - Initial CARLA connection failed (will retry on first request): time-out of 20000ms while waiting for the simulator, make sure the simulator is ready and connected to localhost:2000
2026-03-11 16:43:49,814 - simulator_service - INFO - Connecting to CARLA at localhost:2000
2026-03-11 16:43:49,818 - simulator_service - INFO - Connected to CARLA server v0.9.16
2026-03-11 16:43:54,255 - simulator_service - INFO - Loading map Town02 (current: Town10HD_Opt)
2026-03-11 16:44:01,692 - simulator_service - INFO - Map Town02 loaded successfully
2026-03-11 16:44:01,722 - simulator_service - INFO - Cleanup: 0 vehicles, 0 pedestrians, 0 sensors, 0 controllers
2026-03-11 16:44:01,723 - simulator_service - INFO - Weather set to ClearNoon
2026-03-11 16:44:02,719 - simulator_service - INFO - Spawned 5/5 vehicles (autopilot=True)
2026-03-11 16:44:03,026 - simulator_service - INFO - Spawned 3/3 pedestrians with AI controllers
2026-03-11 17:05:52,328 - simulator_service - INFO - Loading map Town03 (current: Town02)
2026-03-11 17:06:01,742 - simulator_service - INFO - Simulator service starting, CARLA target: localhost:2000
2026-03-11 17:06:01,742 - simulator_service - INFO - Connecting to CARLA at localhost:2000
2026-03-11 17:06:01,747 - simulator_service - INFO - Connected to CARLA server v0.9.16
2026-03-11 17:08:01,730 - simulator_service - INFO - Simulator service shutting down
2026-03-11 17:08:01,733 - simulator_service - INFO - Disconnected from CARLA
2026-03-11 17:17:24,635 - simulator_service - INFO - Simulator service starting, CARLA target: localhost:2000
2026-03-11 17:17:24,636 - simulator_service - INFO - Connecting to CARLA at localhost:2000
2026-03-11 17:17:44,641 - simulator_service - WARNING - Initial CARLA connection failed (will retry on first request): time-out of 20000ms while waiting for the simulator, make sure the simulator is ready and connected to localhost:2000
2026-03-11 17:17:52,072 - simulator_service - INFO - Simulator service shutting down
2026-03-11 17:17:52,072 - simulator_service - INFO - Disconnected from CARLA
2026-03-11 17:17:56,603 - simulator_service - INFO - Simulator service starting, CARLA target: localhost:2000
2026-03-11 17:17:56,603 - simulator_service - INFO - Connecting to CARLA at localhost:2000
2026-03-11 17:17:56,609 - simulator_service - INFO - Connected to CARLA server v0.9.16
2026-03-11 17:21:22,251 - simulator_service - INFO - Simulator service shutting down
2026-03-11 17:21:22,255 - simulator_service - INFO - Disconnected from CARLA
2026-03-11 17:21:25,612 - simulator_service - INFO - Simulator service starting, CARLA target: localhost:2000
2026-03-11 17:21:25,612 - simulator_service - INFO - Connecting to CARLA at localhost:2000
2026-03-11 17:21:25,618 - simulator_service - INFO - Connected to CARLA server v0.9.16
2026-03-11 17:23:21,107 - simulator_service - INFO - Loading map Town03 (current: Town10HD_Opt)
2026-03-11 17:23:32,213 - simulator_service - INFO - Map Town03 loaded successfully
2026-03-11 17:23:32,233 - simulator_service - INFO - Cleanup: 0 vehicles, 0 pedestrians, 0 sensors, 0 controllers
2026-03-11 17:23:32,234 - simulator_service - INFO - Weather set to ClearSunset
2026-03-11 17:23:42,282 - simulator_service - ERROR - Failed to apply config: trying to create rpc server for traffic manager; but the system failed to create because of bind error.
2026-03-11 17:25:51,317 - simulator_service - INFO - Simulator service shutting down
2026-03-11 17:25:51,325 - simulator_service - INFO - Disconnected from CARLA
2026-03-11 17:52:49,686 - simulator_service - INFO - Simulator service starting, CARLA target: localhost:2000
2026-03-11 17:52:49,686 - simulator_service - INFO - Connecting to CARLA at localhost:2000
2026-03-11 17:53:09,691 - simulator_service - WARNING - Initial CARLA connection failed (will retry on first request): time-out of 20000ms while waiting for the simulator, make sure the simulator is ready and connected to localhost:2000
2026-03-11 17:53:51,769 - simulator_service - INFO - Connecting to CARLA at localhost:2000
2026-03-11 17:53:51,776 - simulator_service - INFO - Connected to CARLA server v0.9.16
2026-03-11 17:53:52,431 - simulator_service - INFO - Loading map Town03 (current: Town10HD_Opt)
2026-03-11 17:54:03,390 - simulator_service - INFO - Map Town03 loaded successfully
2026-03-11 17:54:03,413 - simulator_service - INFO - Cleanup: 0 vehicles, 0 pedestrians, 0 sensors, 0 controllers
2026-03-11 17:54:03,414 - simulator_service - INFO - Weather set to ClearSunset
2026-03-11 17:54:13,458 - simulator_service - ERROR - Failed to apply config: trying to create rpc server for traffic manager; but the system failed to create because of bind error.
2026-03-11 21:56:24,342 - simulator_service - WARNING - Lost connection to CARLA, reconnecting...
2026-03-11 21:56:24,354 - simulator_service - INFO - Connecting to CARLA at localhost:2000
2026-03-11 21:56:44,360 - simulator_service - ERROR - Failed to apply config: time-out of 20000ms while waiting for the simulator, make sure the simulator is ready and connected to localhost:2000
2026-03-12 12:59:41,240 - simulator_service - INFO - Connecting to CARLA at localhost:2000
2026-03-12 20:04:20,810 - simulator_service - INFO - Simulator service starting, CARLA target: localhost:2000
2026-03-12 20:04:20,810 - simulator_service - INFO - Connecting to CARLA at localhost:2000
2026-03-12 20:04:40,815 - simulator_service - WARNING - Initial CARLA connection failed (will retry on first request): time-out of 20000ms while waiting for the simulator, make sure the simulator is ready and connected to localhost:2000
2026-03-12 20:14:18,095 - simulator_service - INFO - Simulator service shutting down
2026-03-12 20:14:18,096 - simulator_service - INFO - Disconnected from CARLA
2026-03-12 20:14:42,129 - simulator_service - INFO - Simulator service starting, CARLA target: localhost:2000
2026-03-12 20:14:42,129 - simulator_service - INFO - Connecting to CARLA at localhost:2000
2026-03-12 20:15:02,135 - simulator_service - WARNING - Initial CARLA connection failed (will retry on first request): time-out of 20000ms while waiting for the simulator, make sure the simulator is ready and connected to localhost:2000
2026-03-12 20:38:15,489 - simulator_service - INFO - Simulator service starting, CARLA target: localhost:2000
2026-03-12 20:38:15,489 - simulator_service - INFO - Connecting to CARLA at localhost:2000
2026-03-12 20:38:35,494 - simulator_service - WARNING - Initial CARLA connection failed (will retry on first request): time-out of 20000ms while waiting for the simulator, make sure the simulator is ready and connected to localhost:2000
2026-03-12 20:40:00,818 - simulator_service - INFO - Simulator service shutting down
2026-03-12 20:40:00,819 - simulator_service - INFO - Disconnected from CARLA
2026-03-12 20:40:23,919 - simulator_service - INFO - Simulator service starting, CARLA target: localhost:2000
2026-03-12 20:40:23,919 - simulator_service - INFO - Connecting to CARLA at localhost:2000
2026-03-12 20:40:43,924 - simulator_service - WARNING - Initial CARLA connection failed (will retry on first request): time-out of 20000ms while waiting for the simulator, make sure the simulator is ready and connected to localhost:2000
2026-03-12 20:41:11,622 - simulator_service - INFO - Simulator service shutting down
2026-03-12 20:41:11,623 - simulator_service - INFO - Disconnected from CARLA
2026-03-12 20:41:57,598 - simulator_service - INFO - Simulator service starting, CARLA target: localhost:2000
2026-03-12 20:41:57,598 - simulator_service - INFO - Connecting to CARLA at localhost:2000
2026-03-12 20:42:17,603 - simulator_service - WARNING - Initial CARLA connection failed (will retry on first request): time-out of 20000ms while waiting for the simulator, make sure the simulator is ready and connected to localhost:2000
2026-03-12 20:42:51,142 - simulator_service - INFO - Connecting to CARLA at localhost:2000
2026-03-12 20:42:51,149 - simulator_service - INFO - Connected to CARLA server v0.9.16
2026-03-12 20:42:51,769 - simulator_service - INFO - Loading map Town03 (current: Town10HD_Opt)
2026-03-12 20:43:02,879 - simulator_service - INFO - Map Town03 loaded successfully
2026-03-12 20:43:02,900 - simulator_service - INFO - Cleanup: 0 vehicles, 0 pedestrians, 0 sensors, 0 controllers
2026-03-12 20:43:02,901 - simulator_service - INFO - Weather set to ClearSunset
2026-03-12 20:43:12,948 - simulator_service - ERROR - Failed to apply config: trying to create rpc server for traffic manager; but the system failed to create because of bind error.
2026-03-12 20:43:38,296 - simulator_service - INFO - Map Town03 already loaded, skipping reload
2026-03-12 20:43:38,298 - simulator_service - INFO - Cleanup: 0 vehicles, 0 pedestrians, 0 sensors, 0 controllers
2026-03-12 20:43:38,298 - simulator_service - INFO - Weather set to ClearSunset
2026-03-12 20:43:48,335 - simulator_service - ERROR - Failed to apply config: trying to create rpc server for traffic manager; but the system failed to create because of bind error.
2026-03-12 20:47:23,311 - simulator_service - INFO - Simulator service shutting down
2026-03-12 20:47:23,328 - simulator_service - INFO - Disconnected from CARLA
2026-03-12 20:47:46,264 - simulator_service - INFO - Simulator service starting, CARLA target: localhost:2000
2026-03-12 20:47:46,264 - simulator_service - INFO - Connecting to CARLA at localhost:2000
2026-03-12 20:48:06,269 - simulator_service - WARNING - Initial CARLA connection failed (will retry on first request): time-out of 20000ms while waiting for the simulator, make sure the simulator is ready and connected to localhost:2000
2026-03-12 20:48:07,897 - simulator_service - INFO - Connecting to CARLA at localhost:2000
2026-03-12 20:48:07,905 - simulator_service - INFO - Connected to CARLA server v0.9.16
2026-03-12 20:48:12,156 - simulator_service - INFO - Loading map Town03 (current: Town10HD_Opt)
2026-03-12 20:48:22,884 - simulator_service - INFO - Map Town03 loaded successfully
2026-03-12 20:48:22,905 - simulator_service - INFO - Cleanup: 0 vehicles, 0 pedestrians, 0 sensors, 0 controllers
2026-03-12 20:48:22,905 - simulator_service - INFO - Weather set to ClearSunset
2026-03-12 20:48:26,780 - simulator_service - INFO - Spawned 15/15 vehicles (autopilot=True)
2026-03-12 20:48:27,025 - simulator_service - WARNING - Pedestrian spawn failed: Spawn failed because of collision at spawn position
2026-03-12 20:48:27,025 - simulator_service - WARNING - Pedestrian spawn failed: Spawn failed because of collision at spawn position
2026-03-12 20:48:27,025 - simulator_service - WARNING - Pedestrian spawn failed: Spawn failed because of collision at spawn position
2026-03-12 20:48:27,026 - simulator_service - WARNING - Pedestrian spawn failed: Spawn failed because of collision at spawn position
2026-03-12 20:48:27,660 - simulator_service - INFO - Spawned 4/8 pedestrians with AI controllers
2026-03-12 20:49:31,002 - simulator_service - INFO - Simulator service shutting down
2026-03-12 20:49:31,003 - simulator_service - INFO - Disconnected from CARLA
2026-03-12 20:49:32,533 - simulator_service - INFO - Simulator service starting, CARLA target: localhost:2000
2026-03-12 20:49:32,533 - simulator_service - INFO - Connecting to CARLA at localhost:2000
2026-03-12 20:49:32,538 - simulator_service - INFO - Connected to CARLA server v0.9.16
2026-03-12 20:49:51,592 - simulator_service - INFO - Map Town03 already loaded, skipping reload
2026-03-12 20:50:07,110 - simulator_service - WARNING - Failed to destroy vehicle 123: trying to create rpc server for traffic manager; but the system failed to create because of bind error.
2026-03-12 20:50:21,151 - simulator_service - WARNING - Failed to destroy vehicle 122: trying to create rpc server for traffic manager; but the system failed to create because of bind error.
2026-03-12 20:50:35,202 - simulator_service - WARNING - Failed to destroy vehicle 121: trying to create rpc server for traffic manager; but the system failed to create because of bind error.
2026-03-12 20:50:49,260 - simulator_service - WARNING - Failed to destroy vehicle 120: trying to create rpc server for traffic manager; but the system failed to create because of bind error.
2026-03-12 20:51:03,301 - simulator_service - WARNING - Failed to destroy vehicle 119: trying to create rpc server for traffic manager; but the system failed to create because of bind error.
2026-03-12 20:51:17,346 - simulator_service - WARNING - Failed to destroy vehicle 118: trying to create rpc server for traffic manager; but the system failed to create because of bind error.
2026-03-12 20:51:31,405 - simulator_service - WARNING - Failed to destroy vehicle 117: trying to create rpc server for traffic manager; but the system failed to create because of bind error.
2026-03-12 20:51:45,459 - simulator_service - WARNING - Failed to destroy vehicle 116: trying to create rpc server for traffic manager; but the system failed to create because of bind error.
2026-03-12 20:51:59,496 - simulator_service - WARNING - Failed to destroy vehicle 115: trying to create rpc server for traffic manager; but the system failed to create because of bind error.
2026-03-12 20:52:13,543 - simulator_service - WARNING - Failed to destroy vehicle 114: trying to create rpc server for traffic manager; but the system failed to create because of bind error.
2026-03-12 20:52:27,596 - simulator_service - WARNING - Failed to destroy vehicle 113: trying to create rpc server for traffic manager; but the system failed to create because of bind error.
2026-03-12 20:52:41,639 - simulator_service - WARNING - Failed to destroy vehicle 112: trying to create rpc server for traffic manager; but the system failed to create because of bind error.
2026-03-12 20:52:55,692 - simulator_service - WARNING - Failed to destroy vehicle 111: trying to create rpc server for traffic manager; but the system failed to create because of bind error.
2026-03-12 20:53:09,733 - simulator_service - WARNING - Failed to destroy vehicle 110: trying to create rpc server for traffic manager; but the system failed to create because of bind error.
2026-03-12 20:53:23,784 - simulator_service - WARNING - Failed to destroy vehicle 109: trying to create rpc server for traffic manager; but the system failed to create because of bind error.
2026-03-12 20:53:23,876 - simulator_service - INFO - Cleanup: 0 vehicles, 4 pedestrians, 60 sensors, 4 controllers
2026-03-12 20:53:23,876 - simulator_service - INFO - Weather set to ClearSunset
2026-03-12 20:53:37,972 - simulator_service - ERROR - Failed to apply config: trying to create rpc server for traffic manager; but the system failed to create because of bind error.
2026-03-12 20:54:47,988 - simulator_service - INFO - Simulator service shutting down
2026-03-12 20:54:48,003 - simulator_service - INFO - Disconnected from CARLA
2026-03-12 20:55:58,202 - simulator_service - INFO - Simulator service starting, CARLA target: localhost:2000
2026-03-12 20:55:58,202 - simulator_service - INFO - Connecting to CARLA at localhost:2000
2026-03-12 20:56:18,207 - simulator_service - WARNING - Initial CARLA connection failed (will retry on first request): time-out of 20000ms while waiting for the simulator, make sure the simulator is ready and connected to localhost:2000
2026-03-12 20:56:30,276 - simulator_service - INFO - Connecting to CARLA at localhost:2000
2026-03-12 20:56:30,284 - simulator_service - INFO - Connected to CARLA server v0.9.16
2026-03-12 20:56:30,931 - simulator_service - INFO - Loading map Town03 (current: Town10HD_Opt)
2026-03-12 20:56:42,217 - simulator_service - INFO - Map Town03 loaded successfully
2026-03-12 20:56:42,242 - simulator_service - INFO - Cleanup: 0 vehicles, 0 pedestrians, 0 sensors, 0 controllers
2026-03-12 20:56:42,242 - simulator_service - INFO - Weather set to ClearSunset
2026-03-12 20:56:52,291 - simulator_service - ERROR - Failed to apply config: trying to create rpc server for traffic manager; but the system failed to create because of bind error.
2026-03-13 21:59:47,576 - simulator_service - INFO - Simulator service shutting down
2026-03-13 21:59:47,589 - simulator_service - INFO - Disconnected from CARLA
2026-03-13 22:00:04,959 - simulator_service - INFO - Simulator service starting, CARLA target: localhost:2000
2026-03-13 22:00:04,959 - simulator_service - INFO - Connecting to CARLA at localhost:2000
2026-03-13 22:00:24,966 - simulator_service - WARNING - Initial CARLA connection failed (will retry on first request): time-out of 20000ms while waiting for the simulator, make sure the simulator is ready and connected to localhost:2000
2026-03-13 22:00:32,047 - simulator_service - INFO - Connecting to CARLA at localhost:2000
2026-03-13 22:00:32,055 - simulator_service - INFO - Connected to CARLA server v0.9.16
2026-03-13 22:00:32,806 - simulator_service - INFO - Loading map Town10 (current: Town10HD_Opt)
2026-03-13 22:00:32,992 - simulator_service - ERROR - Failed to apply config: Map 'Town10' not found
2026-03-13 22:06:26,330 - simulator_service - INFO - Simulator service shutting down
2026-03-13 22:06:26,342 - simulator_service - INFO - Disconnected from CARLA
2026-03-13 22:06:31,405 - simulator_service - INFO - Simulator service starting, CARLA target: localhost:2000
2026-03-13 22:06:31,405 - simulator_service - INFO - Connecting to CARLA at localhost:2000
2026-03-13 22:06:31,410 - simulator_service - INFO - Connected to CARLA server v0.9.16
2026-03-13 22:07:08,026 - simulator_service - INFO - Loading map Town03 (current: Town10HD_Opt)
2026-03-13 22:07:19,684 - simulator_service - INFO - Map Town03 loaded successfully
2026-03-13 22:07:19,709 - simulator_service - INFO - Cleanup: 0 vehicles, 0 pedestrians, 0 sensors, 0 controllers
2026-03-13 22:07:19,710 - simulator_service - INFO - Weather set to ClearSunset
2026-03-13 22:07:29,755 - simulator_service - ERROR - Failed to apply config: trying to create rpc server for traffic manager; but the system failed to create because of bind error.
2026-03-13 22:14:08,860 - simulator_service - INFO - Simulator service shutting down
2026-03-13 22:14:08,870 - simulator_service - INFO - Disconnected from CARLA
2026-03-13 23:33:47,000 - simulator_service - INFO - Configured Simulator: Port=8502, TM_Port=5000, CARLA=localhost:2000
2026-03-13 23:33:47,009 - simulator_service - INFO - Simulator service starting. CARLA target: localhost:2000
2026-03-13 23:33:47,009 - simulator_service - INFO - Connecting to CARLA at localhost:2000
2026-03-13 23:34:07,015 - simulator_service - ERROR - Failed to connect to CARLA on startup: time-out of 20000ms while waiting for the simulator, make sure the simulator is ready and connected to localhost:2000
2026-03-13 23:36:40,322 - simulator_service - INFO - Disconnected from CARLA
2026-03-13 23:37:05,059 - simulator_service - INFO - Configured Simulator: Port=8502, TM_Port=5000, CARLA=localhost:2000
2026-03-13 23:37:05,068 - simulator_service - INFO - Simulator service starting. CARLA target: localhost:2000
2026-03-13 23:37:05,068 - simulator_service - INFO - Connecting to CARLA at localhost:2000
2026-03-13 23:37:25,074 - simulator_service - ERROR - Failed to connect to CARLA on startup: time-out of 20000ms while waiting for the simulator, make sure the simulator is ready and connected to localhost:2000
2026-03-13 23:39:13,231 - simulator_service - INFO - Disconnected from CARLA
2026-03-13 23:39:30,693 - simulator_service - INFO - Configured Simulator: Port=8502, TM_Port=5000, CARLA=localhost:2000
2026-03-13 23:39:30,702 - simulator_service - INFO - Simulator service starting. CARLA target: localhost:2000
2026-03-13 23:39:30,702 - simulator_service - INFO - Connecting to CARLA at localhost:2000
2026-03-13 23:39:50,707 - simulator_service - ERROR - Failed to connect to CARLA on startup: time-out of 20000ms while waiting for the simulator, make sure the simulator is ready and connected to localhost:2000
2026-03-13 23:40:07,866 - simulator_service - INFO - Connecting to CARLA at localhost:2000
2026-03-13 23:40:07,874 - simulator_service - INFO - Connected to CARLA server v0.9.16
2026-03-13 23:40:08,610 - simulator_service - INFO - Loading map Town03 (current: Town10HD_Opt)
2026-03-13 23:40:20,207 - simulator_service - ERROR - Failed to apply config: name 'time' is not defined
2026-03-13 23:43:00,247 - simulator_service - INFO - Disconnected from CARLA
2026-03-13 23:44:52,779 - simulator_service - INFO - Configured Simulator: Port=8502, TM_Port=5000, CARLA=localhost:2000
2026-03-13 23:44:52,787 - simulator_service - INFO - Simulator service starting. CARLA target: localhost:2000
2026-03-13 23:44:52,787 - simulator_service - INFO - Connecting to CARLA at localhost:2000
2026-03-13 23:45:12,793 - simulator_service - ERROR - Failed to connect to CARLA on startup: time-out of 20000ms while waiting for the simulator, make sure the simulator is ready and connected to localhost:2000
2026-03-13 23:46:09,872 - simulator_service - INFO - Connecting to CARLA at localhost:2000
2026-03-13 23:46:09,879 - simulator_service - INFO - Connected to CARLA server v0.9.16
2026-03-13 23:46:10,530 - simulator_service - INFO - Loading map Town03 (current: Town10HD_Opt)
2026-03-13 23:46:22,526 - simulator_service - ERROR - Failed to apply config: name 'time' is not defined
2026-03-13 23:48:27,592 - simulator_service - INFO - Disconnected from CARLA
2026-03-13 23:48:36,830 - simulator_service - INFO - Configured Simulator: Port=8502, TM_Port=5000, CARLA=localhost:2000
2026-03-13 23:48:36,839 - simulator_service - INFO - Simulator service starting. CARLA target: localhost:2000
2026-03-13 23:48:36,839 - simulator_service - INFO - Connecting to CARLA at localhost:2000
2026-03-13 23:48:36,846 - simulator_service - INFO - Connected to CARLA server v0.9.16
2026-03-13 23:48:51,968 - simulator_service - INFO - Map Town03 already loaded, skipping reload
2026-03-13 23:48:51,998 - simulator_service - INFO - Cleanup finished. Actors destroyed: status='success' vehicles_destroyed=0 pedestrians_destroyed=0 controllers_destroyed=0 sensors_destroyed=0
2026-03-13 23:48:51,999 - simulator_service - INFO - Weather preset applied: ClearSunset
2026-03-13 23:48:52,028 - simulator_service - INFO - Initializing Traffic Manager on port 5000
2026-03-13 23:49:06,504 - simulator_service - INFO - Spawned 15/15 vehicles
2026-03-13 23:49:16,189 - simulator_service - INFO - Spawned 3/8 pedestrians
2026-03-13 23:53:36,009 - simulator_service - INFO - Map Town03 already loaded, skipping reload
2026-03-13 23:55:19,762 - simulator_service - INFO - Cleanup finished. Actors destroyed: status='success' vehicles_destroyed=0 pedestrians_destroyed=3 controllers_destroyed=3 sensors_destroyed=11
2026-03-13 23:55:19,765 - simulator_service - INFO - Weather preset applied: ClearSunset
2026-03-13 23:55:29,660 - simulator_service - INFO - Spawned 15/15 vehicles
2026-03-13 23:55:38,681 - simulator_service - INFO - Spawned 4/8 pedestrians
2026-03-13 23:55:38,777 - simulator_service - INFO - Disconnected from CARLA
2026-03-13 23:58:06,553 - simulator_service - INFO - Configured Simulator: Port=8502, TM_Port=5000, CARLA=localhost:2000
2026-03-13 23:58:06,562 - simulator_service - INFO - Simulator service starting. CARLA target: localhost:2000
2026-03-13 23:58:06,562 - simulator_service - INFO - Connecting to CARLA at localhost:2000
2026-03-14 00:13:47,186 - simulator_service - INFO - Configured Simulator: Port=8502, TM_Port=5000, CARLA=localhost:2000
2026-03-14 00:13:47,196 - simulator_service - INFO - Simulator service starting. CARLA target: localhost:2000
2026-03-14 00:13:47,196 - simulator_service - INFO - Connecting to CARLA at localhost:2000
2026-03-14 00:14:07,201 - simulator_service - ERROR - Failed to connect to CARLA on startup: time-out of 20000ms while waiting for the simulator, make sure the simulator is ready and connected to localhost:2000
2026-03-14 00:14:33,245 - simulator_service - INFO - Connecting to CARLA at localhost:2000
2026-03-14 00:14:33,253 - simulator_service - INFO - Connected to CARLA server v0.9.16
2026-03-14 00:14:33,899 - simulator_service - INFO - Loading map Town03 (current: Town10HD_Opt)
2026-03-14 00:14:47,515 - simulator_service - INFO - Map Town03 loaded successfully
2026-03-14 00:14:47,526 - simulator_service - INFO - Cleanup finished. Actors destroyed: status='success' vehicles_destroyed=0 pedestrians_destroyed=0 controllers_destroyed=0 sensors_destroyed=0
2026-03-14 00:14:47,527 - simulator_service - INFO - Weather preset applied: ClearSunset
2026-03-14 00:14:47,543 - simulator_service - INFO - Initializing Traffic Manager on port 5000
2026-03-14 00:15:02,835 - simulator_service - INFO - Spawned 15/15 vehicles
2026-03-14 00:15:10,312 - simulator_service - INFO - Spawned 2/8 pedestrians
2026-03-14 00:19:01,867 - simulator_service - INFO - Disconnected from CARLA
2026-03-14 00:28:17,974 - simulator_service - INFO - Configured Simulator: Port=8502, TM_Port=5000, CARLA=localhost:2000
2026-03-14 00:28:17,983 - simulator_service - INFO - Simulator service starting. CARLA target: localhost:2000
2026-03-14 00:28:17,983 - simulator_service - INFO - Connecting to CARLA at localhost:2000
2026-03-14 00:28:37,989 - simulator_service - ERROR - Failed to connect to CARLA on startup: time-out of 20000ms while waiting for the simulator, make sure the simulator is ready and connected to localhost:2000
2026-03-14 00:29:04,601 - simulator_service - INFO - Connecting to CARLA at localhost:2000
2026-03-14 00:29:04,609 - simulator_service - INFO - Connected to CARLA server v0.9.16
2026-03-14 00:29:05,267 - simulator_service - INFO - Loading map Town03 (current: Town10HD_Opt)
2026-03-14 00:29:18,321 - simulator_service - INFO - Map Town03 loaded successfully
2026-03-14 00:29:18,343 - simulator_service - INFO - Cleanup finished. Actors destroyed: status='success' vehicles_destroyed=0 pedestrians_destroyed=0 controllers_destroyed=0 sensors_destroyed=0
2026-03-14 00:29:18,343 - simulator_service - INFO - Weather preset applied: ClearSunset
2026-03-14 00:29:18,359 - simulator_service - INFO - Initializing Traffic Manager on port 5000
2026-03-14 00:29:21,040 - simulator_service - INFO - Spawned 15/15 vehicles
2026-03-14 00:29:22,771 - simulator_service - INFO - Spawned 5/8 pedestrians
2026-03-14 00:29:55,574 - simulator_service - INFO - Loading map Town01 (current: Town03)
2026-03-14 00:30:06,085 - simulator_service - INFO - Map Town01 loaded successfully
2026-03-14 00:30:06,088 - simulator_service - INFO - Cleanup finished. Actors destroyed: status='success' vehicles_destroyed=0 pedestrians_destroyed=0 controllers_destroyed=0 sensors_destroyed=0
2026-03-14 00:30:06,089 - simulator_service - INFO - Weather preset applied: ClearNoon
2026-03-14 00:30:07,498 - simulator_service - INFO - Spawned 15/15 vehicles
2026-03-14 00:30:07,946 - simulator_service - INFO - Spawned 5/10 pedestrians
2026-03-14 00:34:52,602 - simulator_service - INFO - Map Town01 already loaded, skipping reload
2026-03-14 00:34:52,706 - simulator_service - INFO - Cleanup finished. Actors destroyed: status='success' vehicles_destroyed=0 pedestrians_destroyed=5 controllers_destroyed=5 sensors_destroyed=0
2026-03-14 00:34:52,707 - simulator_service - INFO - Weather preset applied: ClearNoon
2026-03-14 00:34:53,455 - simulator_service - INFO - Spawned 15/15 vehicles
2026-03-14 00:34:54,058 - simulator_service - INFO - Spawned 6/10 pedestrians
2026-03-14 01:11:55,531 - simulator_service - INFO - Disconnected from CARLA
2026-03-14 01:19:32,060 - simulator_service - INFO - Configured Simulator: Port=8502, TM_Port=5000, CARLA=localhost:2000
2026-03-14 01:19:32,069 - simulator_service - INFO - Simulator service starting. CARLA target: localhost:2000
2026-03-14 01:19:32,069 - simulator_service - INFO - Connecting to CARLA at localhost:2000
2026-03-14 01:19:52,074 - simulator_service - ERROR - Failed to connect to CARLA on startup: time-out of 20000ms while waiting for the simulator, make sure the simulator is ready and connected to localhost:2000
2026-03-14 01:20:57,431 - simulator_service - INFO - Connecting to CARLA at localhost:2000
2026-03-14 01:20:57,440 - simulator_service - INFO - Connected to CARLA server v0.9.16
2026-03-14 01:20:58,148 - simulator_service - INFO - Loading map Town03 (current: Town10HD_Opt)
2026-03-14 01:21:11,532 - simulator_service - INFO - Map Town03 loaded successfully
2026-03-14 01:21:11,538 - simulator_service - INFO - Cleanup finished. Actors destroyed: status='success' vehicles_destroyed=0 pedestrians_destroyed=0 controllers_destroyed=0 sensors_destroyed=0
2026-03-14 01:21:11,538 - simulator_service - INFO - Weather preset applied: ClearSunset
2026-03-14 01:21:11,559 - simulator_service - INFO - Initializing Traffic Manager on port 5000
2026-03-14 01:21:15,068 - simulator_service - INFO - Spawned 15/15 vehicles
2026-03-14 01:21:15,829 - simulator_service - INFO - Spawned 3/8 pedestrians
2026-03-14 01:29:38,799 - simulator_service - INFO - Disconnected from CARLA
2026-03-14 01:29:43,753 - simulator_service - INFO - Configured Simulator: Port=8502, TM_Port=5000, CARLA=localhost:2000
2026-03-14 01:29:43,763 - simulator_service - INFO - Simulator service starting. CARLA target: localhost:2000
2026-03-14 01:29:43,763 - simulator_service - INFO - Connecting to CARLA at localhost:2000
2026-03-14 01:29:43,768 - simulator_service - INFO - Connected to CARLA server v0.9.16
2026-03-14 01:37:43,313 - simulator_service - INFO - Disconnected from CARLA
2026-03-14 01:37:46,165 - simulator_service - INFO - Configured Simulator: Port=8502, TM_Port=5000, CARLA=localhost:2000
2026-03-14 01:37:46,175 - simulator_service - INFO - Simulator service starting. CARLA target: localhost:2000
2026-03-14 01:37:46,175 - simulator_service - INFO - Connecting to CARLA at localhost:2000
2026-03-14 01:37:46,180 - simulator_service - INFO - Connected to CARLA server v0.9.16
2026-03-14 01:40:21,077 - simulator_service - INFO - Map Town03 already loaded, skipping reload
2026-03-14 01:42:38,799 - simulator_service - INFO - Loading map Town01 (current: Town03)
2026-03-14 01:42:48,796 - simulator_service - INFO - Map Town01 loaded successfully
2026-03-14 01:42:48,811 - simulator_service - INFO - Cleanup finished. Actors destroyed: status='success' vehicles_destroyed=0 pedestrians_destroyed=0 controllers_destroyed=0 sensors_destroyed=0
2026-03-14 01:42:48,811 - simulator_service - INFO - Weather preset applied: ClearNoon
2026-03-14 01:42:48,822 - simulator_service - INFO - Initializing Traffic Manager on port 5000
2026-03-14 01:42:54,005 - simulator_service - INFO - Spawned 15/15 vehicles
2026-03-14 01:42:54,608 - simulator_service - INFO - Spawned 8/10 pedestrians
2026-03-14 01:42:55,136 - simulator_service - INFO - Cleanup finished. Actors destroyed: status='success' vehicles_destroyed=0 pedestrians_destroyed=3 controllers_destroyed=3 sensors_destroyed=0
2026-03-14 01:42:55,137 - simulator_service - INFO - Weather preset applied: ClearSunset
2026-03-14 01:42:56,029 - simulator_service - INFO - Spawned 14/15 vehicles
2026-03-14 01:42:56,507 - simulator_service - INFO - Spawned 4/8 pedestrians
2026-03-14 01:50:16,546 - simulator_service - INFO - Disconnected from CARLA
2026-03-14 01:51:33,537 - simulator_service - INFO - Configured Simulator: Port=8502, TM_Port=5000, CARLA=localhost:2000
2026-03-14 01:51:33,546 - simulator_service - INFO - Simulator service starting. CARLA target: localhost:2000
2026-03-14 01:51:33,546 - simulator_service - INFO - Connecting to CARLA at localhost:2000
2026-03-14 01:51:53,551 - simulator_service - ERROR - Failed to connect to CARLA on startup: time-out of 20000ms while waiting for the simulator, make sure the simulator is ready and connected to localhost:2000
2026-03-14 01:52:19,861 - simulator_service - INFO - Connecting to CARLA at localhost:2000
2026-03-14 01:52:19,869 - simulator_service - INFO - Connected to CARLA server v0.9.16
2026-03-14 01:52:20,550 - simulator_service - INFO - Loading map Town03 (current: Town10HD_Opt)
2026-03-14 01:52:34,377 - simulator_service - INFO - Map Town03 loaded successfully
2026-03-14 01:52:34,389 - simulator_service - INFO - Cleanup finished. Actors destroyed: status='success' vehicles_destroyed=0 pedestrians_destroyed=0 controllers_destroyed=0 sensors_destroyed=0
2026-03-14 01:52:34,390 - simulator_service - INFO - Weather preset applied: ClearSunset
2026-03-14 01:52:34,428 - simulator_service - INFO - Initializing Traffic Manager on port 5000
2026-03-14 01:52:38,122 - simulator_service - INFO - Spawned 15/15 vehicles
2026-03-14 01:52:38,747 - simulator_service - INFO - Spawned 2/8 pedestrians
